<?xml version="1.0" encoding="UTF-8"?>
<!-- Generated by org.testng.reporters.JUnitReportReporter -->
<testsuite hostname="Kiran" name="testCases.Temp" tests="2" failures="0" timestamp="21 Mar 2016 23:18:48 GMT" time="0.057" errors="0">
  <testcase name="test2" time="0.005" classname="testCases.Temp"/>
  <testcase name="test1" time="0.052" classname="testCases.Temp"/>
</testsuite> <!-- testCases.Temp -->
