<?xml version="1.0" encoding="UTF-8"?>
<!-- Generated by org.testng.reporters.JUnitReportReporter -->
<testsuite hostname="Kiran" name="testCases.Temp" tests="1" failures="0" timestamp="19 Mar 2016 20:57:11 GMT" time="2.559" errors="0">
  <testcase name="test" time="2.559" classname="testCases.Temp"/>
</testsuite> <!-- testCases.Temp -->
