<?xml version="1.0" encoding="UTF-8"?>
<!-- Generated by org.testng.reporters.JUnitReportReporter -->
<testsuite hostname="Kiran" name="testCases.TC1_CreateShippingTable" tests="1" failures="0" timestamp="19 Mar 2016 20:41:36 GMT" time="44.716" errors="0">
  <testcase name="main" time="44.716" classname="testCases.TC1_CreateShippingTable"/>
</testsuite> <!-- testCases.TC1_CreateShippingTable -->
